<?xml version="1.0" encoding="UTF-8" ?>
<testsuite tests="12" failures="0" name="step_definitions.RunCukesTest" time="0.127" errors="0" skipped="0">
  <properties>
    <property name="java.runtime.name" value="Java(TM) SE Runtime Environment"/>
    <property name="sun.boot.library.path" value="/usr/lib/jvm/jdk1.8.0_361/jre/lib/amd64"/>
    <property name="java.vm.version" value="25.361-b09"/>
    <property name="java.vm.vendor" value="Oracle Corporation"/>
    <property name="maven.multiModuleProjectDirectory" value="/home/kukuh/AlteraAcademy/Automation/BDDSourceDemo"/>
    <property name="java.vendor.url" value="http://java.oracle.com/"/>
    <property name="path.separator" value=":"/>
    <property name="guice.disable.misplaced.annotation.check" value="true"/>
    <property name="java.vm.name" value="Java HotSpot(TM) 64-Bit Server VM"/>
    <property name="file.encoding.pkg" value="sun.io"/>
    <property name="user.country" value="US"/>
    <property name="sun.java.launcher" value="SUN_STANDARD"/>
    <property name="sun.os.patch.level" value="unknown"/>
    <property name="java.vm.specification.name" value="Java Virtual Machine Specification"/>
    <property name="user.dir" value="/home/kukuh/AlteraAcademy/Automation/BDDSourceDemo"/>
    <property name="java.runtime.version" value="1.8.0_361-b09"/>
    <property name="java.awt.graphicsenv" value="sun.awt.X11GraphicsEnvironment"/>
    <property name="java.endorsed.dirs" value="/usr/lib/jvm/jdk1.8.0_361/jre/lib/endorsed"/>
    <property name="os.arch" value="amd64"/>
    <property name="java.io.tmpdir" value="/tmp"/>
    <property name="line.separator" value="
"/>
    <property name="java.vm.specification.vendor" value="Oracle Corporation"/>
    <property name="os.name" value="Linux"/>
    <property name="classworlds.conf" value="/home/linuxbrew/.linuxbrew/Cellar/maven/3.8.7/libexec/bin/m2.conf"/>
    <property name="sun.jnu.encoding" value="UTF-8"/>
    <property name="java.library.path" value="/usr/java/packages/lib/amd64:/usr/lib64:/lib64:/lib:/usr/lib"/>
    <property name="maven.conf" value="/home/linuxbrew/.linuxbrew/Cellar/maven/3.8.7/libexec/conf"/>
    <property name="java.specification.name" value="Java Platform API Specification"/>
    <property name="java.class.version" value="52.0"/>
    <property name="sun.management.compiler" value="HotSpot 64-Bit Tiered Compilers"/>
    <property name="os.version" value="5.15.0-58-generic"/>
    <property name="library.jansi.path" value="/home/linuxbrew/.linuxbrew/Cellar/maven/3.8.7/libexec/lib/jansi-native"/>
    <property name="user.home" value="/home/kukuh"/>
    <property name="user.timezone" value="Asia/Jakarta"/>
    <property name="java.awt.printerjob" value="sun.print.PSPrinterJob"/>
    <property name="java.specification.version" value="1.8"/>
    <property name="file.encoding" value="UTF-8"/>
    <property name="user.name" value="kukuh"/>
    <property name="java.class.path" value="/home/linuxbrew/.linuxbrew/Cellar/maven/3.8.7/libexec/boot/plexus-classworlds-2.6.0.jar"/>
    <property name="java.vm.specification.version" value="1.8"/>
    <property name="sun.arch.data.model" value="64"/>
    <property name="java.home" value="/usr/lib/jvm/jdk1.8.0_361/jre"/>
    <property name="sun.java.command" value="org.codehaus.plexus.classworlds.launcher.Launcher test"/>
    <property name="java.specification.vendor" value="Oracle Corporation"/>
    <property name="user.language" value="en"/>
    <property name="awt.toolkit" value="sun.awt.X11.XToolkit"/>
    <property name="java.vm.info" value="mixed mode"/>
    <property name="java.version" value="1.8.0_361"/>
    <property name="java.ext.dirs" value="/usr/lib/jvm/jdk1.8.0_361/jre/lib/ext:/usr/java/packages/lib/ext"/>
    <property name="sun.boot.class.path" value="/usr/lib/jvm/jdk1.8.0_361/jre/lib/resources.jar:/usr/lib/jvm/jdk1.8.0_361/jre/lib/rt.jar:/usr/lib/jvm/jdk1.8.0_361/jre/lib/jsse.jar:/usr/lib/jvm/jdk1.8.0_361/jre/lib/jce.jar:/usr/lib/jvm/jdk1.8.0_361/jre/lib/charsets.jar:/usr/lib/jvm/jdk1.8.0_361/jre/lib/jfr.jar:/usr/lib/jvm/jdk1.8.0_361/jre/classes"/>
    <property name="java.vendor" value="Oracle Corporation"/>
    <property name="java.specification.maintenance.version" value="4"/>
    <property name="maven.home" value="/home/linuxbrew/.linuxbrew/Cellar/maven/3.8.7/libexec"/>
    <property name="file.separator" value="/"/>
    <property name="java.vendor.url.bug" value="http://bugreport.sun.com/bugreport/"/>
    <property name="sun.cpu.endian" value="little"/>
    <property name="sun.io.unicode.encoding" value="UnicodeLittle"/>
    <property name="sun.desktop" value="gnome"/>
    <property name="sun.cpu.isalist" value=""/>
  </properties>
  <testcase classname="Scenario: user completed order product" name="Given User open the website sauce demo" time="0.009"/>
  <testcase classname="Scenario: user completed order product" name="When User input &quot;standard_user&quot; as userName and Input &quot;secret_sauce&quot; as password" time="0"/>
  <testcase classname="Scenario: user completed order product" name="Then User already on landing page" time="0"/>
  <testcase classname="Scenario: user completed order product" name="And User sort product list by &quot;Name (Z to A)&quot;" time="0"/>
  <testcase classname="Scenario: user completed order product" name="And User choice 2 product from the list" time="0"/>
  <testcase classname="Scenario: user completed order product" name="And User click on icon cart to verify product" time="0"/>
  <testcase classname="Scenario: user completed order product" name="And User click button checkout" time="0"/>
  <testcase classname="Scenario: user completed order product" name="Then User input Check Out Form in Firs Name &quot;Kukuh&quot;, Last Name &quot;Pradipto&quot; and Partial Code &quot;123&quot;." time="0"/>
  <testcase classname="Scenario: user completed order product" name="And User verify Summary total Checkout" time="0"/>
  <testcase classname="Scenario: user completed order product" name="And User click button finish" time="0"/>
  <testcase classname="Scenario: user completed order product" name="And User complete order" time="0"/>
  <testcase classname="Scenario: user completed order product" name="Scenario: user completed order product" time="0.118"/>
</testsuite>